{
  "stats": {
    "suites": 1,
    "tests": 1,
    "passes": 1,
    "pending": 0,
    "failures": 0,
    "start": "2024-06-24T16:49:41.838Z",
    "end": "2024-06-24T16:49:53.120Z",
    "duration": 11282,
    "testsRegistered": 1,
    "passPercent": 100,
    "pendingPercent": 0,
    "other": 0,
    "hasOther": false,
    "skipped": 0,
    "hasSkipped": false
  },
  "results": [
    {
      "uuid": "461593b1-a917-4944-b8bd-97a2b838a886",
      "title": "",
      "fullFile": "cypress\\e2e\\features\\add_comment.feature",
      "file": "cypress\\e2e\\features\\add_comment.feature",
      "beforeHooks": [],
      "afterHooks": [],
      "tests": [],
      "suites": [
        {
          "uuid": "afdf9498-f719-41c0-8cad-ded9de1d8774",
          "title": "Add Comment to Article",
          "fullFile": "",
          "file": "",
          "beforeHooks": [],
          "afterHooks": [],
          "tests": [
            {
              "title": "User successfully adds a comment to an article (example #1)",
              "fullTitle": "Add Comment to Article User successfully adds a comment to an article (example #1)",
              "timedOut": null,
              "duration": 10954,
              "state": "passed",
              "speed": "medium",
              "pass": true,
              "fail": false,
              "pending": false,
              "context": null,
              "code": "const state = window.testState;\nreturn cy\n  .then(() => state.onStartScenario(scenario, indexedSteps))\n  .then(() =>\n    resolveAndRunBeforeHooks.call(this, scenario.tags, state.feature.name)\n  )\n  .then(() =>\n    indexedSteps.forEach((step) =>\n      stepTest.call(this, state, step, rowData)\n    )\n  )\n  .then(() => state.onFinishScenario(scenario));",
              "err": {},
              "uuid": "604f93ec-bc6b-4643-95f3-dd319ea7d8de",
              "parentUUID": "afdf9498-f719-41c0-8cad-ded9de1d8774",
              "isHook": false,
              "skipped": false
            }
          ],
          "suites": [],
          "passes": [
            "604f93ec-bc6b-4643-95f3-dd319ea7d8de"
          ],
          "failures": [],
          "pending": [],
          "skipped": [],
          "duration": 10954,
          "root": false,
          "rootEmpty": false,
          "_timeout": 2000
        }
      ],
      "passes": [],
      "failures": [],
      "pending": [],
      "skipped": [],
      "duration": 0,
      "root": true,
      "rootEmpty": true,
      "_timeout": 2000
    }
  ],
  "meta": {
    "mocha": {
      "version": "7.0.1"
    },
    "mochawesome": {
      "options": {
        "quiet": false,
        "reportFilename": "mochawesome",
        "saveHtml": false,
        "saveJson": true,
        "consoleReporter": "spec",
        "useInlineDiffs": false,
        "code": true
      },
      "version": "7.1.3"
    },
    "marge": {
      "options": {
        "reportDir": "cypress\\reports\\.jsons",
        "overwrite": false,
        "html": false,
        "json": true
      },
      "version": "6.2.0"
    }
  }
}